<?xml version="1.0" encoding="UTF-8"?>
<!-- Generated by org.testng.reporters.JUnitReportReporter -->
<testsuite hostname="DESKTOP-TIC5DM4" failures="0" tests="6" name="Steps.SeleniumOneWayFlightSteps" time="43.259" errors="0" timestamp="2024-09-07T11:11:14 IST" skipped="0">
  <testcase classname="Steps.SeleniumOneWayFlightSteps" name="loadBrowser" time="23.613"/>
  <testcase classname="Steps.SeleniumOneWayFlightSteps" name="pop" time="0.281"/>
  <testcase classname="Steps.SeleniumOneWayFlightSteps" name="fromm" time="7.191"/>
  <testcase classname="Steps.SeleniumOneWayFlightSteps" name="too" time="4.423"/>
  <testcase classname="Steps.SeleniumOneWayFlightSteps" name="start" time="0.435"/>
  <testcase classname="Steps.SeleniumOneWayFlightSteps" name="searchh" time="7.316"/>
</testsuite> <!-- Steps.SeleniumOneWayFlightSteps -->
