<?xml version="1.0" encoding="UTF-8"?>
<!-- Generated by org.testng.reporters.JUnitReportReporter -->
<testsuite hostname="DESKTOP-TIC5DM4" failures="0" tests="7" name="Steps.SeleniumTwoWayFlightSteps" time="41.706" errors="0" timestamp="2024-09-07T11:11:14 IST" skipped="0">
  <testcase classname="Steps.SeleniumTwoWayFlightSteps" name="loadBrowser" time="19.932"/>
  <testcase classname="Steps.SeleniumTwoWayFlightSteps" name="pop" time="0.792"/>
  <testcase classname="Steps.SeleniumTwoWayFlightSteps" name="fromm" time="3.785"/>
  <testcase classname="Steps.SeleniumTwoWayFlightSteps" name="too" time="3.181"/>
  <testcase classname="Steps.SeleniumTwoWayFlightSteps" name="start" time="0.779"/>
  <testcase classname="Steps.SeleniumTwoWayFlightSteps" name="end" time="0.593"/>
  <testcase classname="Steps.SeleniumTwoWayFlightSteps" name="searchh" time="12.644"/>
</testsuite> <!-- Steps.SeleniumTwoWayFlightSteps -->
