<?xml version="1.0" encoding="UTF-8"?>
<!-- Generated by org.testng.reporters.JUnitReportReporter -->
<testsuite hostname="DESKTOP-TIC5DM4" failures="0" tests="15" name="Steps.SeleniumHotelBookingSteps" time="43.033" errors="0" timestamp="2024-09-07T11:11:14 IST" skipped="0">
  <testcase classname="Steps.SeleniumHotelBookingSteps" name="browseropen" time="19.856"/>
  <testcase classname="Steps.SeleniumHotelBookingSteps" name="popup" time="0.454"/>
  <testcase classname="Steps.SeleniumHotelBookingSteps" name="navigation" time="0.513"/>
  <testcase classname="Steps.SeleniumHotelBookingSteps" name="city" time="3.886"/>
  <testcase classname="Steps.SeleniumHotelBookingSteps" name="start" time="0.598"/>
  <testcase classname="Steps.SeleniumHotelBookingSteps" name="end" time="0.193"/>
  <testcase classname="Steps.SeleniumHotelBookingSteps" name="sel" time="0.168"/>
  <testcase classname="Steps.SeleniumHotelBookingSteps" name="sub" time="4.751"/>
  <testcase classname="Steps.SeleniumHotelBookingSteps" name="selhotel" time="7.459"/>
  <testcase classname="Steps.SeleniumHotelBookingSteps" name="book" time="1.040"/>
  <testcase classname="Steps.SeleniumHotelBookingSteps" name="firstname" time="2.941"/>
  <testcase classname="Steps.SeleniumHotelBookingSteps" name="lastname" time="0.471"/>
  <testcase classname="Steps.SeleniumHotelBookingSteps" name="emailid" time="0.300"/>
  <testcase classname="Steps.SeleniumHotelBookingSteps" name="number" time="0.217"/>
  <testcase classname="Steps.SeleniumHotelBookingSteps" name="pay" time="0.186"/>
</testsuite> <!-- Steps.SeleniumHotelBookingSteps -->
